<?xml version="1.0" encoding="UTF-8"?>
<!-- Generated by org.testng.reporters.JUnitReportReporter -->
<testsuite hostname="DESKTOP-6MOVB45" failures="0" tests="3" name="tests.RecruitmentTest" time="48.353" errors="0" timestamp="2026-04-02T02:16:52 IST" skipped="0">
  <testcase classname="tests.RecruitmentTest" name="TC_RECRUITMENT_01_VerifyRecruitmentPage" time="12.426">
    <system-out>
      <![CDATA[TC_RECRUITMENT_01 - Verify Recruitment Page Displayed
TC_RECRUITMENT_01 - PASSED]]>
    </system-out>
  </testcase> <!-- TC_RECRUITMENT_01_VerifyRecruitmentPage -->
  <testcase classname="tests.RecruitmentTest" name="TC_RECRUITMENT_02_AddCandidate" time="19.635">
    <system-out>
      <![CDATA[TC_RECRUITMENT_02 - Verify Add new candidate
TC_RECRUITMENT_02 - PASSED]]>
    </system-out>
  </testcase> <!-- TC_RECRUITMENT_02_AddCandidate -->
  <testcase classname="tests.RecruitmentTest" name="TC_RECRUITMENT_03_SearchCandidate" time="16.292">
    <system-out>
      <![CDATA[TC_RECRUITMENT_03 - Verify search candidate functionality
TC_RECRUITMENT_03 - PASSED]]>
    </system-out>
  </testcase> <!-- TC_RECRUITMENT_03_SearchCandidate -->
  <system-out>
    <![CDATA[TC_RECRUITMENT_01 - Verify Recruitment Page Displayed
TC_RECRUITMENT_01 - PASSED
TC_RECRUITMENT_02 - Verify Add new candidate
TC_RECRUITMENT_02 - PASSED
TC_RECRUITMENT_03 - Verify search candidate functionality
TC_RECRUITMENT_03 - PASSED]]>
  </system-out>
</testsuite> <!-- tests.RecruitmentTest -->
