<?xml version="1.0" encoding="UTF-8"?>
<!-- Generated by org.testng.reporters.JUnitReportReporter -->
<testsuite hostname="DESKTOP-6MOVB45" failures="1" tests="31" name="tests.PIMTest" time="176.428" errors="2" timestamp="2026-03-26T19:08:15 IST" skipped="26">
  <testcase classname="tests.PIMTest" name="setup" time="24.070">
    <error message="Driver Initialization Failed" type="java.lang.RuntimeException">
      <![CDATA[java.lang.RuntimeException: Driver Initialization Failed
at base.BaseClass.setup(BaseClass.java:77)
at java.base/jdk.internal.reflect.DirectMethodHandleAccessor.invoke(DirectMethodHandleAccessor.java:103)
at java.base/java.lang.reflect.Method.invoke(Method.java:580)
at org.testng.internal.invokers.MethodInvocationHelper.invokeMethod(MethodInvocationHelper.java:139)
at org.testng.internal.invokers.MethodInvocationHelper.invokeMethodConsideringTimeout(MethodInvocationHelper.java:69)
at org.testng.internal.invokers.ConfigInvoker.invokeConfigurationMethod(ConfigInvoker.java:393)
at org.testng.internal.invokers.ConfigInvoker.invokeConfigurations(ConfigInvoker.java:326)
at org.testng.internal.invokers.TestInvoker.runConfigMethods(TestInvoker.java:810)
at org.testng.internal.invokers.TestInvoker.invokeMethod(TestInvoker.java:578)
at org.testng.internal.invokers.TestInvoker.invokeTestMethod(TestInvoker.java:228)
at org.testng.internal.invokers.MethodRunner.runInSequence(MethodRunner.java:63)
at org.testng.internal.invokers.TestInvoker$MethodInvocationAgent.invoke(TestInvoker.java:961)
at org.testng.internal.invokers.TestInvoker.invokeTestMethods(TestInvoker.java:201)
at org.testng.internal.invokers.TestMethodWorker.invokeTestMethods(TestMethodWorker.java:148)
at org.testng.internal.invokers.TestMethodWorker.run(TestMethodWorker.java:128)
at java.base/java.util.ArrayList.forEach(ArrayList.java:1596)
at org.testng.TestRunner.privateRun(TestRunner.java:819)
at org.testng.TestRunner.run(TestRunner.java:619)
at org.testng.SuiteRunner.runTest(SuiteRunner.java:443)
at org.testng.SuiteRunner.runSequentially(SuiteRunner.java:437)
at org.testng.SuiteRunner.privateRun(SuiteRunner.java:397)
at org.testng.SuiteRunner.run(SuiteRunner.java:336)
at org.testng.SuiteRunnerWorker.runSuite(SuiteRunnerWorker.java:52)
at org.testng.SuiteRunnerWorker.run(SuiteRunnerWorker.java:95)
at org.testng.TestNG.runSuitesSequentially(TestNG.java:1301)
at org.testng.TestNG.runSuitesLocally(TestNG.java:1228)
at org.testng.TestNG.runSuites(TestNG.java:1134)
at org.testng.TestNG.run(TestNG.java:1101)
at org.testng.remote.AbstractRemoteTestNG.run(AbstractRemoteTestNG.java:115)
at org.testng.remote.RemoteTestNG.initAndRun(RemoteTestNG.java:293)
at org.testng.remote.RemoteTestNG.main(RemoteTestNG.java:91)
Caused by: org.openqa.selenium.NoSuchSessionException: invalid session id: session deleted as the browser has closed the connection
from disconnected: Unable to receive message from renderer
  (Session info: chrome=146.0.7680.165)
Build info: version: '4.18.1', revision: 'b1d3319b48'
System info: os.name: 'Windows 11', os.arch: 'amd64', os.version: '10.0', java.version: '21.0.9'
Driver info: org.openqa.selenium.chrome.ChromeDriver
Command: [2378c1a39537a5a5f7b31775cfdfc7f4, get {url=https://opensource-demo.orangehrmlive.com/web/index.php/auth/login}]
Capabilities {acceptInsecureCerts: false, browserName: chrome, browserVersion: 146.0.7680.165, chrome: {chromedriverVersion: 146.0.7680.165 (4b989da09e1..., userDataDir: C:\Users\Yogesh\AppData\Loc...}, fedcm:accounts: true, goog:chromeOptions: {debuggerAddress: localhost:61272}, goog:processID: 10648, networkConnectionEnabled: false, pageLoadStrategy: normal, platformName: windows, proxy: Proxy(), se:cdp: ws://localhost:61272/devtoo..., se:cdpVersion: 146.0.7680.165, setWindowRect: true, strictFileInteractability: false, timeouts: {implicit: 0, pageLoad: 300000, script: 30000}, unhandledPromptBehavior: dismiss and notify, webauthn:extension:credBlob: true, webauthn:extension:largeBlob: true, webauthn:extension:minPinLength: true, webauthn:extension:prf: true, webauthn:virtualAuthenticators: true}
Session ID: 2378c1a39537a5a5f7b31775cfdfc7f4
at java.base/jdk.internal.reflect.DirectConstructorHandleAccessor.newInstance(DirectConstructorHandleAccessor.java:62)
at java.base/java.lang.reflect.Constructor.newInstanceWithCaller(Constructor.java:502)
at java.base/java.lang.reflect.Constructor.newInstance(Constructor.java:486)
at org.openqa.selenium.remote.ErrorCodec.decode(ErrorCodec.java:167)
at org.openqa.selenium.remote.codec.w3c.W3CHttpResponseCodec.decode(W3CHttpResponseCodec.java:138)
at org.openqa.selenium.remote.codec.w3c.W3CHttpResponseCodec.decode(W3CHttpResponseCodec.java:50)
at org.openqa.selenium.remote.HttpCommandExecutor.execute(HttpCommandExecutor.java:190)
at org.openqa.selenium.remote.service.DriverCommandExecutor.invokeExecute(DriverCommandExecutor.java:216)
at org.openqa.selenium.remote.service.DriverCommandExecutor.execute(DriverCommandExecutor.java:174)
at org.openqa.selenium.remote.RemoteWebDriver.execute(RemoteWebDriver.java:519)
at org.openqa.selenium.remote.RemoteWebDriver.get(RemoteWebDriver.java:301)
at base.BaseClass.setup(BaseClass.java:73)
... 30 more
]]>
    </error>
  </testcase> <!-- setup -->
  <testcase classname="tests.PIMTest" name="TC_PIM_061" time="53.561">
    <failure message="Personal Details page should be displayed after saving new employee expected [true] but found [false]" type="java.lang.AssertionError">
      <![CDATA[java.lang.AssertionError: Personal Details page should be displayed after saving new employee expected [true] but found [false]
at org.testng.Assert.fail(Assert.java:111)
at org.testng.Assert.failNotEquals(Assert.java:1578)
at org.testng.Assert.assertTrue(Assert.java:57)
at tests.PIMTest.TC_PIM_061(PIMTest.java:39)
at java.base/jdk.internal.reflect.DirectMethodHandleAccessor.invoke(DirectMethodHandleAccessor.java:103)
at java.base/java.lang.reflect.Method.invoke(Method.java:580)
at org.testng.internal.invokers.MethodInvocationHelper.invokeMethod(MethodInvocationHelper.java:139)
at org.testng.internal.invokers.TestInvoker.invokeMethod(TestInvoker.java:664)
at org.testng.internal.invokers.TestInvoker.invokeTestMethod(TestInvoker.java:228)
at org.testng.internal.invokers.MethodRunner.runInSequence(MethodRunner.java:63)
at org.testng.internal.invokers.TestInvoker$MethodInvocationAgent.invoke(TestInvoker.java:961)
at org.testng.internal.invokers.TestInvoker.invokeTestMethods(TestInvoker.java:201)
at org.testng.internal.invokers.TestMethodWorker.invokeTestMethods(TestMethodWorker.java:148)
at org.testng.internal.invokers.TestMethodWorker.run(TestMethodWorker.java:128)
at java.base/java.util.ArrayList.forEach(ArrayList.java:1596)
at org.testng.TestRunner.privateRun(TestRunner.java:819)
at org.testng.TestRunner.run(TestRunner.java:619)
at org.testng.SuiteRunner.runTest(SuiteRunner.java:443)
at org.testng.SuiteRunner.runSequentially(SuiteRunner.java:437)
at org.testng.SuiteRunner.privateRun(SuiteRunner.java:397)
at org.testng.SuiteRunner.run(SuiteRunner.java:336)
at org.testng.SuiteRunnerWorker.runSuite(SuiteRunnerWorker.java:52)
at org.testng.SuiteRunnerWorker.run(SuiteRunnerWorker.java:95)
at org.testng.TestNG.runSuitesSequentially(TestNG.java:1301)
at org.testng.TestNG.runSuitesLocally(TestNG.java:1228)
at org.testng.TestNG.runSuites(TestNG.java:1134)
at org.testng.TestNG.run(TestNG.java:1101)
at org.testng.remote.AbstractRemoteTestNG.run(AbstractRemoteTestNG.java:115)
at org.testng.remote.RemoteTestNG.initAndRun(RemoteTestNG.java:293)
at org.testng.remote.RemoteTestNG.main(RemoteTestNG.java:91)
]]>
    </failure>
    <system-out>
      <![CDATA[TC_PIM_061 - Verify user can add new record in PIM module]]>
    </system-out>
  </testcase> <!-- TC_PIM_061 -->
  <testcase classname="tests.PIMTest" name="TC_PIM_062" time="44.114">
    <system-out>
      <![CDATA[TC_PIM_062 - Verify user can edit existing record in PIM module
TC_PIM_062 - PASSED: Existing employee record edited successfully]]>
    </system-out>
  </testcase> <!-- TC_PIM_062 -->
  <testcase classname="tests.PIMTest" name="TC_PIM_063" time="24.740">
    <system-out>
      <![CDATA[TC_PIM_063 - Verify user can delete record in PIM module
TC_PIM_063 - PASSED: Employee record deleted successfully]]>
    </system-out>
  </testcase> <!-- TC_PIM_063 -->
  <testcase classname="tests.PIMTest" name="TC_PIM_064" time="29.935">
    <error message="Expected condition failed: waiting for visibility of Proxy element for: DefaultElementLocator &#039;By.xpath: (//div[contains(@class,&#039;oxd-input-group&#039;)]//input[contains(@class,&#039;oxd-input&#039;)])[3]&#039; (tried for 10 second(s) with 500 milliseconds interval)" type="org.openqa.selenium.TimeoutException">
      <![CDATA[org.openqa.selenium.TimeoutException: Expected condition failed: waiting for visibility of Proxy element for: DefaultElementLocator 'By.xpath: (//div[contains(@class,'oxd-input-group')]//input[contains(@class,'oxd-input')])[3]' (tried for 10 second(s) with 500 milliseconds interval)
at org.openqa.selenium.support.ui.WebDriverWait.timeoutException(WebDriverWait.java:84)
at org.openqa.selenium.support.ui.FluentWait.until(FluentWait.java:228)
at utilities.WaitUtil.waitForVisibility(WaitUtil.java:18)
at pages.PIMPage.enterEmployeeIdSearch(PIMPage.java:340)
at tests.PIMTest.TC_PIM_064(PIMTest.java:94)
at java.base/jdk.internal.reflect.DirectMethodHandleAccessor.invoke(DirectMethodHandleAccessor.java:103)
at java.base/java.lang.reflect.Method.invoke(Method.java:580)
at org.testng.internal.invokers.MethodInvocationHelper.invokeMethod(MethodInvocationHelper.java:139)
at org.testng.internal.invokers.TestInvoker.invokeMethod(TestInvoker.java:664)
at org.testng.internal.invokers.TestInvoker.invokeTestMethod(TestInvoker.java:228)
at org.testng.internal.invokers.MethodRunner.runInSequence(MethodRunner.java:63)
at org.testng.internal.invokers.TestInvoker$MethodInvocationAgent.invoke(TestInvoker.java:961)
at org.testng.internal.invokers.TestInvoker.invokeTestMethods(TestInvoker.java:201)
at org.testng.internal.invokers.TestMethodWorker.invokeTestMethods(TestMethodWorker.java:148)
at org.testng.internal.invokers.TestMethodWorker.run(TestMethodWorker.java:128)
at java.base/java.util.ArrayList.forEach(ArrayList.java:1596)
at org.testng.TestRunner.privateRun(TestRunner.java:819)
at org.testng.TestRunner.run(TestRunner.java:619)
at org.testng.SuiteRunner.runTest(SuiteRunner.java:443)
at org.testng.SuiteRunner.runSequentially(SuiteRunner.java:437)
at org.testng.SuiteRunner.privateRun(SuiteRunner.java:397)
at org.testng.SuiteRunner.run(SuiteRunner.java:336)
at org.testng.SuiteRunnerWorker.runSuite(SuiteRunnerWorker.java:52)
at org.testng.SuiteRunnerWorker.run(SuiteRunnerWorker.java:95)
at org.testng.TestNG.runSuitesSequentially(TestNG.java:1301)
at org.testng.TestNG.runSuitesLocally(TestNG.java:1228)
at org.testng.TestNG.runSuites(TestNG.java:1134)
at org.testng.TestNG.run(TestNG.java:1101)
at org.testng.remote.AbstractRemoteTestNG.run(AbstractRemoteTestNG.java:115)
at org.testng.remote.RemoteTestNG.initAndRun(RemoteTestNG.java:293)
at org.testng.remote.RemoteTestNG.main(RemoteTestNG.java:91)
Caused by: org.openqa.selenium.NoSuchElementException: no such element: Unable to locate element: {"method":"xpath","selector":"(//div[contains(@class,'oxd-input-group')]//input[contains(@class,'oxd-input')])[3]"}
  (Session info: chrome=146.0.7680.165)
For documentation on this error, please visit: https://www.selenium.dev/documentation/webdriver/troubleshooting/errors#no-such-element-exception
Build info: version: '4.18.1', revision: 'b1d3319b48'
System info: os.name: 'Windows 11', os.arch: 'amd64', os.version: '10.0', java.version: '21.0.9'
Driver info: org.openqa.selenium.chrome.ChromeDriver
Command: [d9b4bef424c1178b0c6ee75b8c9ac83e, findElement {using=xpath, value=(//div[contains(@class,'oxd-input-group')]//input[contains(@class,'oxd-input')])[3]}]
Capabilities {acceptInsecureCerts: false, browserName: chrome, browserVersion: 146.0.7680.165, chrome: {chromedriverVersion: 146.0.7680.165 (4b989da09e1..., userDataDir: C:\Users\Yogesh\AppData\Loc...}, fedcm:accounts: true, goog:chromeOptions: {debuggerAddress: localhost:64787}, goog:processID: 3104, networkConnectionEnabled: false, pageLoadStrategy: normal, platformName: windows, proxy: Proxy(), se:cdp: ws://localhost:64787/devtoo..., se:cdpVersion: 146.0.7680.165, setWindowRect: true, strictFileInteractability: false, timeouts: {implicit: 0, pageLoad: 300000, script: 30000}, unhandledPromptBehavior: dismiss and notify, webauthn:extension:credBlob: true, webauthn:extension:largeBlob: true, webauthn:extension:minPinLength: true, webauthn:extension:prf: true, webauthn:virtualAuthenticators: true}
Session ID: d9b4bef424c1178b0c6ee75b8c9ac83e
at java.base/jdk.internal.reflect.DirectConstructorHandleAccessor.newInstance(DirectConstructorHandleAccessor.java:62)
at java.base/java.lang.reflect.Constructor.newInstanceWithCaller(Constructor.java:502)
at java.base/java.lang.reflect.Constructor.newInstance(Constructor.java:486)
at org.openqa.selenium.remote.ErrorCodec.decode(ErrorCodec.java:167)
at org.openqa.selenium.remote.codec.w3c.W3CHttpResponseCodec.decode(W3CHttpResponseCodec.java:138)
at org.openqa.selenium.remote.codec.w3c.W3CHttpResponseCodec.decode(W3CHttpResponseCodec.java:50)
at org.openqa.selenium.remote.HttpCommandExecutor.execute(HttpCommandExecutor.java:190)
at org.openqa.selenium.remote.service.DriverCommandExecutor.invokeExecute(DriverCommandExecutor.java:216)
at org.openqa.selenium.remote.service.DriverCommandExecutor.execute(DriverCommandExecutor.java:174)
at org.openqa.selenium.remote.RemoteWebDriver.execute(RemoteWebDriver.java:519)
at org.openqa.selenium.remote.ElementLocation$ElementFinder$2.findElement(ElementLocation.java:165)
at org.openqa.selenium.remote.ElementLocation.findElement(ElementLocation.java:59)
at org.openqa.selenium.remote.RemoteWebDriver.findElement(RemoteWebDriver.java:356)
at org.openqa.selenium.remote.RemoteWebDriver.findElement(RemoteWebDriver.java:350)
at org.openqa.selenium.support.pagefactory.DefaultElementLocator.findElement(DefaultElementLocator.java:68)
at org.openqa.selenium.support.pagefactory.internal.LocatingElementHandler.invoke(LocatingElementHandler.java:38)
at jdk.proxy2/jdk.proxy2.$Proxy29.isDisplayed(Unknown Source)
at org.openqa.selenium.support.ui.ExpectedConditions.elementIfVisible(ExpectedConditions.java:304)
at org.openqa.selenium.support.ui.ExpectedConditions$10.apply(ExpectedConditions.java:290)
at org.openqa.selenium.support.ui.ExpectedConditions$10.apply(ExpectedConditions.java:287)
at org.openqa.selenium.support.ui.FluentWait.until(FluentWait.java:203)
... 29 more
]]>
    </error>
    <system-out>
      <![CDATA[TC_PIM_064 - Verify user can search records in PIM module]]>
    </system-out>
  </testcase> <!-- TC_PIM_064 -->
  <testcase classname="tests.PIMTest" name="TC_PIM_065" time="0.000">
    <skipped/>
  </testcase> <!-- TC_PIM_065 -->
  <testcase classname="tests.PIMTest" name="TC_PIM_066" time="0.000">
    <skipped/>
  </testcase> <!-- TC_PIM_066 -->
  <testcase classname="tests.PIMTest" name="TC_PIM_067" time="0.000">
    <skipped/>
  </testcase> <!-- TC_PIM_067 -->
  <testcase classname="tests.PIMTest" name="TC_PIM_068" time="0.002">
    <skipped/>
  </testcase> <!-- TC_PIM_068 -->
  <testcase classname="tests.PIMTest" name="TC_PIM_069" time="0.000">
    <skipped/>
  </testcase> <!-- TC_PIM_069 -->
  <testcase classname="tests.PIMTest" name="TC_PIM_070" time="0.000">
    <skipped/>
  </testcase> <!-- TC_PIM_070 -->
  <testcase classname="tests.PIMTest" name="TC_PIM_071" time="0.000">
    <skipped/>
  </testcase> <!-- TC_PIM_071 -->
  <testcase classname="tests.PIMTest" name="TC_PIM_072" time="0.002">
    <skipped/>
  </testcase> <!-- TC_PIM_072 -->
  <testcase classname="tests.PIMTest" name="TC_PIM_073" time="0.000">
    <skipped/>
  </testcase> <!-- TC_PIM_073 -->
  <testcase classname="tests.PIMTest" name="TC_PIM_074" time="0.000">
    <skipped/>
  </testcase> <!-- TC_PIM_074 -->
  <testcase classname="tests.PIMTest" name="TC_PIM_075" time="0.000">
    <skipped/>
  </testcase> <!-- TC_PIM_075 -->
  <testcase classname="tests.PIMTest" name="TC_PIM_076" time="0.000">
    <skipped/>
  </testcase> <!-- TC_PIM_076 -->
  <testcase classname="tests.PIMTest" name="TC_PIM_077" time="0.000">
    <skipped/>
  </testcase> <!-- TC_PIM_077 -->
  <testcase classname="tests.PIMTest" name="TC_PIM_078" time="0.002">
    <skipped/>
  </testcase> <!-- TC_PIM_078 -->
  <testcase classname="tests.PIMTest" name="TC_PIM_079" time="0.000">
    <skipped/>
  </testcase> <!-- TC_PIM_079 -->
  <testcase classname="tests.PIMTest" name="TC_PIM_080" time="0.000">
    <skipped/>
  </testcase> <!-- TC_PIM_080 -->
  <testcase classname="tests.PIMTest" name="TC_PIM_081" time="0.000">
    <skipped/>
  </testcase> <!-- TC_PIM_081 -->
  <testcase classname="tests.PIMTest" name="TC_PIM_082" time="0.002">
    <skipped/>
  </testcase> <!-- TC_PIM_082 -->
  <testcase classname="tests.PIMTest" name="TC_PIM_083" time="0.000">
    <skipped/>
  </testcase> <!-- TC_PIM_083 -->
  <testcase classname="tests.PIMTest" name="TC_PIM_084" time="0.000">
    <skipped/>
  </testcase> <!-- TC_PIM_084 -->
  <testcase classname="tests.PIMTest" name="TC_PIM_085" time="0.000">
    <skipped/>
  </testcase> <!-- TC_PIM_085 -->
  <testcase classname="tests.PIMTest" name="TC_PIM_086" time="0.000">
    <skipped/>
  </testcase> <!-- TC_PIM_086 -->
  <testcase classname="tests.PIMTest" name="TC_PIM_087" time="0.000">
    <skipped/>
  </testcase> <!-- TC_PIM_087 -->
  <testcase classname="tests.PIMTest" name="TC_PIM_088" time="0.000">
    <skipped/>
  </testcase> <!-- TC_PIM_088 -->
  <testcase classname="tests.PIMTest" name="TC_PIM_089" time="0.000">
    <skipped/>
  </testcase> <!-- TC_PIM_089 -->
  <testcase classname="tests.PIMTest" name="TC_PIM_090" time="0.000">
    <skipped/>
  </testcase> <!-- TC_PIM_090 -->
  <system-out>
    <![CDATA[TC_PIM_061 - Verify user can add new record in PIM module
TC_PIM_062 - Verify user can edit existing record in PIM module
TC_PIM_062 - PASSED: Existing employee record edited successfully
TC_PIM_063 - Verify user can delete record in PIM module
TC_PIM_063 - PASSED: Employee record deleted successfully
TC_PIM_064 - Verify user can search records in PIM module]]>
  </system-out>
</testsuite> <!-- tests.PIMTest -->
