<?xml version="1.0" encoding="UTF-8"?>
<!-- Generated by org.testng.reporters.JUnitReportReporter -->
<testsuite hostname="DESKTOP-6MOVB45" failures="0" tests="21" name="tests.DashboardTest" time="46.449" errors="1" timestamp="2026-04-02T02:25:24 IST" skipped="16">
  <testcase classname="tests.DashboardTest" name="setup" time="14.781">
    <error message="Driver Initialization Failed" type="java.lang.RuntimeException">
      <![CDATA[java.lang.RuntimeException: Driver Initialization Failed
at base.BaseClass.setup(BaseClass.java:77)
at java.base/jdk.internal.reflect.DirectMethodHandleAccessor.invoke(DirectMethodHandleAccessor.java:103)
at java.base/java.lang.reflect.Method.invoke(Method.java:580)
at org.testng.internal.invokers.MethodInvocationHelper.invokeMethod(MethodInvocationHelper.java:139)
at org.testng.internal.invokers.MethodInvocationHelper.invokeMethodConsideringTimeout(MethodInvocationHelper.java:69)
at org.testng.internal.invokers.ConfigInvoker.invokeConfigurationMethod(ConfigInvoker.java:393)
at org.testng.internal.invokers.ConfigInvoker.invokeConfigurations(ConfigInvoker.java:326)
at org.testng.internal.invokers.TestInvoker.runConfigMethods(TestInvoker.java:810)
at org.testng.internal.invokers.TestInvoker.invokeMethod(TestInvoker.java:578)
at org.testng.internal.invokers.TestInvoker.invokeTestMethod(TestInvoker.java:228)
at org.testng.internal.invokers.MethodRunner.runInSequence(MethodRunner.java:63)
at org.testng.internal.invokers.TestInvoker$MethodInvocationAgent.invoke(TestInvoker.java:961)
at org.testng.internal.invokers.TestInvoker.invokeTestMethods(TestInvoker.java:201)
at org.testng.internal.invokers.TestMethodWorker.invokeTestMethods(TestMethodWorker.java:148)
at org.testng.internal.invokers.TestMethodWorker.run(TestMethodWorker.java:128)
at java.base/java.util.ArrayList.forEach(ArrayList.java:1596)
at org.testng.TestRunner.privateRun(TestRunner.java:819)
at org.testng.TestRunner.run(TestRunner.java:619)
at org.testng.SuiteRunner.runTest(SuiteRunner.java:443)
at org.testng.SuiteRunner.runSequentially(SuiteRunner.java:437)
at org.testng.SuiteRunner.privateRun(SuiteRunner.java:397)
at org.testng.SuiteRunner.run(SuiteRunner.java:336)
at org.testng.SuiteRunnerWorker.runSuite(SuiteRunnerWorker.java:52)
at org.testng.SuiteRunnerWorker.run(SuiteRunnerWorker.java:95)
at org.testng.TestNG.runSuitesSequentially(TestNG.java:1301)
at org.testng.TestNG.runSuitesLocally(TestNG.java:1228)
at org.testng.TestNG.runSuites(TestNG.java:1134)
at org.testng.TestNG.run(TestNG.java:1101)
at org.testng.remote.AbstractRemoteTestNG.run(AbstractRemoteTestNG.java:115)
at org.testng.remote.RemoteTestNG.initAndRun(RemoteTestNG.java:293)
at org.testng.remote.RemoteTestNG.main(RemoteTestNG.java:91)
Caused by: org.openqa.selenium.WebDriverException: target frame detached
  (failed to check if window was closed: disconnected: Unable to receive message from renderer)
  (Session info: chrome=146.0.7680.165)
Build info: version: '4.18.1', revision: 'b1d3319b48'
System info: os.name: 'Windows 11', os.arch: 'amd64', os.version: '10.0', java.version: '21.0.9'
Driver info: org.openqa.selenium.chrome.ChromeDriver
Command: [bd46d750e79bc03a7d8a8d95e586cf0a, get {url=https://opensource-demo.orangehrmlive.com/web/index.php/auth/login}]
Capabilities {acceptInsecureCerts: false, browserName: chrome, browserVersion: 146.0.7680.165, chrome: {chromedriverVersion: 146.0.7680.165 (4b989da09e1..., userDataDir: C:\Users\Yogesh\AppData\Loc...}, fedcm:accounts: true, goog:chromeOptions: {debuggerAddress: localhost:49579}, goog:processID: 14344, networkConnectionEnabled: false, pageLoadStrategy: normal, platformName: windows, proxy: Proxy(), se:cdp: ws://localhost:49579/devtoo..., se:cdpVersion: 146.0.7680.165, setWindowRect: true, strictFileInteractability: false, timeouts: {implicit: 0, pageLoad: 300000, script: 30000}, unhandledPromptBehavior: dismiss and notify, webauthn:extension:credBlob: true, webauthn:extension:largeBlob: true, webauthn:extension:minPinLength: true, webauthn:extension:prf: true, webauthn:virtualAuthenticators: true}
Session ID: bd46d750e79bc03a7d8a8d95e586cf0a
at java.base/jdk.internal.reflect.DirectConstructorHandleAccessor.newInstance(DirectConstructorHandleAccessor.java:62)
at java.base/java.lang.reflect.Constructor.newInstanceWithCaller(Constructor.java:502)
at java.base/java.lang.reflect.Constructor.newInstance(Constructor.java:486)
at org.openqa.selenium.remote.ErrorCodec.decode(ErrorCodec.java:167)
at org.openqa.selenium.remote.codec.w3c.W3CHttpResponseCodec.decode(W3CHttpResponseCodec.java:138)
at org.openqa.selenium.remote.codec.w3c.W3CHttpResponseCodec.decode(W3CHttpResponseCodec.java:50)
at org.openqa.selenium.remote.HttpCommandExecutor.execute(HttpCommandExecutor.java:190)
at org.openqa.selenium.remote.service.DriverCommandExecutor.invokeExecute(DriverCommandExecutor.java:216)
at org.openqa.selenium.remote.service.DriverCommandExecutor.execute(DriverCommandExecutor.java:174)
at org.openqa.selenium.remote.RemoteWebDriver.execute(RemoteWebDriver.java:519)
at org.openqa.selenium.remote.RemoteWebDriver.get(RemoteWebDriver.java:301)
at base.BaseClass.setup(BaseClass.java:73)
... 30 more
]]>
    </error>
  </testcase> <!-- setup -->
  <testcase classname="tests.DashboardTest" name="TC_Dashboard_231" time="9.062">
    <system-out>
      <![CDATA[TC_Dashboard_231 - Verify that user can add new record in Dashboard module.
TC_Dashboard_231 - PASSED: Add record verified]]>
    </system-out>
  </testcase> <!-- TC_Dashboard_231 -->
  <testcase classname="tests.DashboardTest" name="TC_Dashboard_232" time="9.501">
    <system-out>
      <![CDATA[TC_Dashboard_232 - Verify that user can edit existing record in Dashboard module.
TC_Dashboard_232 - PASSED: Edit record verified]]>
    </system-out>
  </testcase> <!-- TC_Dashboard_232 -->
  <testcase classname="tests.DashboardTest" name="TC_Dashboard_233" time="5.784">
    <system-out>
      <![CDATA[TC_Dashboard_233 - Verify that user can delete record in Dashboard module.
TC_Dashboard_233 - PASSED: Delete record verified]]>
    </system-out>
  </testcase> <!-- TC_Dashboard_233 -->
  <testcase classname="tests.DashboardTest" name="TC_Dashboard_234" time="7.287">
    <system-out>
      <![CDATA[TC_Dashboard_234 - Verify that user can search records in Dashboard module.
TC_Dashboard_234 - PASSED: Search record verified]]>
    </system-out>
  </testcase> <!-- TC_Dashboard_234 -->
  <testcase classname="tests.DashboardTest" name="TC_Dashboard_235" time="0.000">
    <skipped/>
  </testcase> <!-- TC_Dashboard_235 -->
  <testcase classname="tests.DashboardTest" name="TC_Dashboard_236" time="0.000">
    <skipped/>
  </testcase> <!-- TC_Dashboard_236 -->
  <testcase classname="tests.DashboardTest" name="TC_Dashboard_237" time="0.001">
    <skipped/>
  </testcase> <!-- TC_Dashboard_237 -->
  <testcase classname="tests.DashboardTest" name="TC_Dashboard_238" time="0.000">
    <skipped/>
  </testcase> <!-- TC_Dashboard_238 -->
  <testcase classname="tests.DashboardTest" name="TC_Dashboard_239" time="0.000">
    <skipped/>
  </testcase> <!-- TC_Dashboard_239 -->
  <testcase classname="tests.DashboardTest" name="TC_Dashboard_240" time="0.001">
    <skipped/>
  </testcase> <!-- TC_Dashboard_240 -->
  <testcase classname="tests.DashboardTest" name="TC_Dashboard_241" time="0.000">
    <skipped/>
  </testcase> <!-- TC_Dashboard_241 -->
  <testcase classname="tests.DashboardTest" name="TC_Dashboard_242" time="0.000">
    <skipped/>
  </testcase> <!-- TC_Dashboard_242 -->
  <testcase classname="tests.DashboardTest" name="TC_Dashboard_243" time="0.000">
    <skipped/>
  </testcase> <!-- TC_Dashboard_243 -->
  <testcase classname="tests.DashboardTest" name="TC_Dashboard_244" time="0.001">
    <skipped/>
  </testcase> <!-- TC_Dashboard_244 -->
  <testcase classname="tests.DashboardTest" name="TC_Dashboard_245" time="0.031">
    <skipped/>
  </testcase> <!-- TC_Dashboard_245 -->
  <testcase classname="tests.DashboardTest" name="TC_Dashboard_246" time="0.000">
    <skipped/>
  </testcase> <!-- TC_Dashboard_246 -->
  <testcase classname="tests.DashboardTest" name="TC_Dashboard_247" time="0.000">
    <skipped/>
  </testcase> <!-- TC_Dashboard_247 -->
  <testcase classname="tests.DashboardTest" name="TC_Dashboard_248" time="0.000">
    <skipped/>
  </testcase> <!-- TC_Dashboard_248 -->
  <testcase classname="tests.DashboardTest" name="TC_Dashboard_249" time="0.000">
    <skipped/>
  </testcase> <!-- TC_Dashboard_249 -->
  <testcase classname="tests.DashboardTest" name="TC_Dashboard_250" time="0.000">
    <skipped/>
  </testcase> <!-- TC_Dashboard_250 -->
  <system-out>
    <![CDATA[TC_Dashboard_231 - Verify that user can add new record in Dashboard module.
TC_Dashboard_231 - PASSED: Add record verified
TC_Dashboard_232 - Verify that user can edit existing record in Dashboard module.
TC_Dashboard_232 - PASSED: Edit record verified
TC_Dashboard_233 - Verify that user can delete record in Dashboard module.
TC_Dashboard_233 - PASSED: Delete record verified
TC_Dashboard_234 - Verify that user can search records in Dashboard module.
TC_Dashboard_234 - PASSED: Search record verified]]>
  </system-out>
</testsuite> <!-- tests.DashboardTest -->
