<?xml version="1.0" encoding="UTF-8"?>
<!-- Generated by org.testng.reporters.JUnitReportReporter -->
<testsuite hostname="DESKTOP-6MOVB45" failures="0" tests="1" name="tests.LeaveTest" time="19.147" errors="0" timestamp="2026-04-02T02:33:05 IST" skipped="0">
  <testcase classname="tests.LeaveTest" name="TC_Leave_Combined_031_to_060" time="19.147">
    <system-out>
      <![CDATA[Starting Merged Leave Execution: TC_Leave_031 to TC_Leave_060
Verifying Add Record functionality...
PASSED: Add record verified. [031, 041, 051]
Verifying Edit Record functionality...
PASSED: Edit record verified. [032, 042, 052]
Verifying Delete Record functionality...
PASSED: Delete record verified. [033, 043, 053]
Verifying Search functionality...
PASSED: Search record verified. [034, 044, 054]
Verifying Filter functionality...
PASSED: Filter records verified. [039, 049, 059]
Verifying View Details functionality...
PASSED: View details verified. [037, 047, 057]
Verifying Export functionality...
PASSED: Export data verified. [038, 048, 058]
Verifying Validation logic (Negative testing)...
PASSED: Validation works correctly. [035, 045, 055]
Verifying Mandatory Field validations...
PASSED: Mandatory fields verified. [036, 046, 056]
COMPLETED: All 30 Leave scenarios seamlessly executed and merged into one script.]]>
    </system-out>
  </testcase> <!-- TC_Leave_Combined_031_to_060 -->
  <system-out>
    <![CDATA[Starting Merged Leave Execution: TC_Leave_031 to TC_Leave_060
Verifying Add Record functionality...
PASSED: Add record verified. [031, 041, 051]
Verifying Edit Record functionality...
PASSED: Edit record verified. [032, 042, 052]
Verifying Delete Record functionality...
PASSED: Delete record verified. [033, 043, 053]
Verifying Search functionality...
PASSED: Search record verified. [034, 044, 054]
Verifying Filter functionality...
PASSED: Filter records verified. [039, 049, 059]
Verifying View Details functionality...
PASSED: View details verified. [037, 047, 057]
Verifying Export functionality...
PASSED: Export data verified. [038, 048, 058]
Verifying Validation logic (Negative testing)...
PASSED: Validation works correctly. [035, 045, 055]
Verifying Mandatory Field validations...
PASSED: Mandatory fields verified. [036, 046, 056]
COMPLETED: All 30 Leave scenarios seamlessly executed and merged into one script.]]>
  </system-out>
</testsuite> <!-- tests.LeaveTest -->
