<?xml version="1.0" encoding="UTF-8"?>
<!-- Generated by org.testng.reporters.JUnitReportReporter -->
<testsuite hostname="DESKTOP-6MOVB45" failures="0" tests="1" name="tests.DashboardTest1" time="10.681" errors="0" timestamp="2026-04-02T02:24:19 IST" skipped="0">
  <testcase classname="tests.DashboardTest1" name="TC_Dashboard_Combined_231_to_250" time="10.681">
    <system-out>
      <![CDATA[Starting Merged Dashboard Execution: TC_Dashboard_231 to TC_Dashboard_250
Verifying Add Record functionality...
PASSED: Add record verified.
Verifying Edit Record functionality...
PASSED: Edit record verified.
Verifying Delete Record functionality...
PASSED: Delete record verified.
Verifying Search functionality...
PASSED: Search record verified.
Verifying Filter functionality...
PASSED: Filter records verified.
Verifying View Details functionality...
PASSED: View details verified.
Verifying Export functionality...
PASSED: Export data verified.
Verifying Validation logic (Negative testing)...
PASSED: Validation works correctly.
Verifying Mandatory Field validations...
PASSED: Mandatory fields verified.
COMPLETED: All 20 Dashboard scenarios executed.]]>
    </system-out>
  </testcase> <!-- TC_Dashboard_Combined_231_to_250 -->
  <system-out>
    <![CDATA[Starting Merged Dashboard Execution: TC_Dashboard_231 to TC_Dashboard_250
Verifying Add Record functionality...
PASSED: Add record verified.
Verifying Edit Record functionality...
PASSED: Edit record verified.
Verifying Delete Record functionality...
PASSED: Delete record verified.
Verifying Search functionality...
PASSED: Search record verified.
Verifying Filter functionality...
PASSED: Filter records verified.
Verifying View Details functionality...
PASSED: View details verified.
Verifying Export functionality...
PASSED: Export data verified.
Verifying Validation logic (Negative testing)...
PASSED: Validation works correctly.
Verifying Mandatory Field validations...
PASSED: Mandatory fields verified.
COMPLETED: All 20 Dashboard scenarios executed.]]>
  </system-out>
</testsuite> <!-- tests.DashboardTest1 -->
