<?xml version="1.0" encoding="UTF-8"?>
<testng-results ignored="0" total="1" passed="1" failed="0" skipped="0">
  <reporter-output>
    <line>
      <![CDATA[Starting Merged Login Execution: TC_LOGIN_001 to TC_LOGIN_030]]>
    </line>
    <line>
      <![CDATA[TC_LOGIN_001 - PASSED: URL routing displays login correctly]]>
    </line>
    <line>
      <![CDATA[TC_LOGIN_002 - PASSED: Username field availability verified]]>
    </line>
    <line>
      <![CDATA[TC_LOGIN_003 - PASSED: Password field availability verified]]>
    </line>
    <line>
      <![CDATA[TC_LOGIN_004 - PASSED: Username field placeholder text verified]]>
    </line>
    <line>
      <![CDATA[TC_LOGIN_005 - PASSED: Password field placeholder text verified]]>
    </line>
    <line>
      <![CDATA[TC_LOGIN_006 - PASSED: Login button enabled state verified]]>
    </line>
    <line>
      <![CDATA[TC_LOGIN_007 - PASSED: Username input accepted perfectly]]>
    </line>
    <line>
      <![CDATA[TC_LOGIN_008 - PASSED: Password input accepted perfectly]]>
    </line>
    <line>
      <![CDATA[TC_LOGIN_009 - PASSED: Password mask confirmed]]>
    </line>
    <line>
      <![CDATA[TC_LOGIN_018 - PASSED: Username accepts alphanumeric]]>
    </line>
    <line>
      <![CDATA[TC_LOGIN_019 - PASSED: Username accepts special configurations]]>
    </line>
    <line>
      <![CDATA[TC_LOGIN_020 - PASSED: Password alphanumeric tests executed]]>
    </line>
    <line>
      <![CDATA[TC_LOGIN_021 - PASSED: Password special char variations executed]]>
    </line>
    <line>
      <![CDATA[TC_LOGIN_024 - PASSED: OrangeHRM logo rendering successfully]]>
    </line>
    <line>
      <![CDATA[TC_LOGIN_026 - PASSED: Username field max length constrained]]>
    </line>
    <line>
      <![CDATA[TC_LOGIN_027 - PASSED: Password field max length constrained]]>
    </line>
    <line>
      <![CDATA[TC_LOGIN_030 - PASSED: Responsive window resizing intact]]>
    </line>
    <line>
      <![CDATA[TC_LOGIN_016 - PASSED: Forgot Password link rendered]]>
    </line>
    <line>
      <![CDATA[TC_LOGIN_017 - PASSED: Forgot Password interactable logic functioning]]>
    </line>
    <line>
      <![CDATA[TC_LOGIN_022 - PASSED: Tab navigation routes perfectly between inputs]]>
    </line>
    <line>
      <![CDATA[TC_LOGIN_023 - PASSED: ENTER Keypress fires Login submission]]>
    </line>
    <line>
      <![CDATA[TC_LOGIN_013 - PASSED: Handled both empty fields seamlessly]]>
    </line>
    <line>
      <![CDATA[TC_LOGIN_014 - PASSED: Username required flag triggered]]>
    </line>
    <line>
      <![CDATA[TC_LOGIN_015 - PASSED: Password required flag triggered]]>
    </line>
    <line>
      <![CDATA[TC_LOGIN_011 - PASSED: Handled Invalid User]]>
    </line>
    <line>
      <![CDATA[TC_LOGIN_012 - PASSED: Handled Invalid Pass]]>
    </line>
    <line>
      <![CDATA[TC_LOGIN_025 - PASSED: SQL Injection perfectly blockaded]]>
    </line>
    <line>
      <![CDATA[TC_LOGIN_028 - PASSED: Case sensitivity strictly enforced]]>
    </line>
    <line>
      <![CDATA[TC_LOGIN_010 - PASSED: System accepts configured valid credentials]]>
    </line>
    <line>
      <![CDATA[TC_LOGIN_029 - PASSED: Post logout validation and Back-Button manipulation defended]]>
    </line>
    <line>
      <![CDATA[COMPLETED: All 30 exact mapped Login scenarios executed.]]>
    </line>
  </reporter-output>
  <suite started-at="2026-04-02T02:35:24 IST" name="Default suite" finished-at="2026-04-02T02:35:41 IST" duration-ms="17515">
    <groups>
    </groups>
    <test started-at="2026-04-02T02:35:24 IST" name="Default test" finished-at="2026-04-02T02:35:41 IST" duration-ms="17515">
      <class name="tests.LoginTest">
        <test-method is-config="true" signature="setup(java.lang.String)[pri:0, instance:tests.LoginTest@f478a81]" started-at="2026-04-02T02:35:24 IST" name="setup" finished-at="2026-04-02T02:35:30 IST" duration-ms="6082" status="PASS">
          <params>
            <param index="0">
              <value>
                <![CDATA[chrome]]>
              </value>
            </param>
          </params>
          <reporter-output>
          </reporter-output>
        </test-method> <!-- setup -->
        <test-method signature="TC_Login_Combined_001_to_030()[pri:1, instance:tests.LoginTest@f478a81]" started-at="2026-04-02T02:35:30 IST" name="TC_Login_Combined_001_to_030" description="Comprehensive Login Module Functionality Test - 30 Scenarios" finished-at="2026-04-02T02:35:41 IST" duration-ms="11025" status="PASS">
          <reporter-output>
            <line>
              <![CDATA[Starting Merged Login Execution: TC_LOGIN_001 to TC_LOGIN_030]]>
            </line>
            <line>
              <![CDATA[TC_LOGIN_001 - PASSED: URL routing displays login correctly]]>
            </line>
            <line>
              <![CDATA[TC_LOGIN_002 - PASSED: Username field availability verified]]>
            </line>
            <line>
              <![CDATA[TC_LOGIN_003 - PASSED: Password field availability verified]]>
            </line>
            <line>
              <![CDATA[TC_LOGIN_004 - PASSED: Username field placeholder text verified]]>
            </line>
            <line>
              <![CDATA[TC_LOGIN_005 - PASSED: Password field placeholder text verified]]>
            </line>
            <line>
              <![CDATA[TC_LOGIN_006 - PASSED: Login button enabled state verified]]>
            </line>
            <line>
              <![CDATA[TC_LOGIN_007 - PASSED: Username input accepted perfectly]]>
            </line>
            <line>
              <![CDATA[TC_LOGIN_008 - PASSED: Password input accepted perfectly]]>
            </line>
            <line>
              <![CDATA[TC_LOGIN_009 - PASSED: Password mask confirmed]]>
            </line>
            <line>
              <![CDATA[TC_LOGIN_018 - PASSED: Username accepts alphanumeric]]>
            </line>
            <line>
              <![CDATA[TC_LOGIN_019 - PASSED: Username accepts special configurations]]>
            </line>
            <line>
              <![CDATA[TC_LOGIN_020 - PASSED: Password alphanumeric tests executed]]>
            </line>
            <line>
              <![CDATA[TC_LOGIN_021 - PASSED: Password special char variations executed]]>
            </line>
            <line>
              <![CDATA[TC_LOGIN_024 - PASSED: OrangeHRM logo rendering successfully]]>
            </line>
            <line>
              <![CDATA[TC_LOGIN_026 - PASSED: Username field max length constrained]]>
            </line>
            <line>
              <![CDATA[TC_LOGIN_027 - PASSED: Password field max length constrained]]>
            </line>
            <line>
              <![CDATA[TC_LOGIN_030 - PASSED: Responsive window resizing intact]]>
            </line>
            <line>
              <![CDATA[TC_LOGIN_016 - PASSED: Forgot Password link rendered]]>
            </line>
            <line>
              <![CDATA[TC_LOGIN_017 - PASSED: Forgot Password interactable logic functioning]]>
            </line>
            <line>
              <![CDATA[TC_LOGIN_022 - PASSED: Tab navigation routes perfectly between inputs]]>
            </line>
            <line>
              <![CDATA[TC_LOGIN_023 - PASSED: ENTER Keypress fires Login submission]]>
            </line>
            <line>
              <![CDATA[TC_LOGIN_013 - PASSED: Handled both empty fields seamlessly]]>
            </line>
            <line>
              <![CDATA[TC_LOGIN_014 - PASSED: Username required flag triggered]]>
            </line>
            <line>
              <![CDATA[TC_LOGIN_015 - PASSED: Password required flag triggered]]>
            </line>
            <line>
              <![CDATA[TC_LOGIN_011 - PASSED: Handled Invalid User]]>
            </line>
            <line>
              <![CDATA[TC_LOGIN_012 - PASSED: Handled Invalid Pass]]>
            </line>
            <line>
              <![CDATA[TC_LOGIN_025 - PASSED: SQL Injection perfectly blockaded]]>
            </line>
            <line>
              <![CDATA[TC_LOGIN_028 - PASSED: Case sensitivity strictly enforced]]>
            </line>
            <line>
              <![CDATA[TC_LOGIN_010 - PASSED: System accepts configured valid credentials]]>
            </line>
            <line>
              <![CDATA[TC_LOGIN_029 - PASSED: Post logout validation and Back-Button manipulation defended]]>
            </line>
            <line>
              <![CDATA[COMPLETED: All 30 exact mapped Login scenarios executed.]]>
            </line>
          </reporter-output>
        </test-method> <!-- TC_Login_Combined_001_to_030 -->
        <test-method is-config="true" signature="tearDown()[pri:0, instance:tests.LoginTest@f478a81]" started-at="2026-04-02T02:35:41 IST" name="tearDown" finished-at="2026-04-02T02:35:41 IST" duration-ms="356" status="PASS">
          <reporter-output>
          </reporter-output>
        </test-method> <!-- tearDown -->
      </class> <!-- tests.LoginTest -->
    </test> <!-- Default test -->
  </suite> <!-- Default suite -->
</testng-results>
